TN:
SF:TSinjex/src/TSinjex.ts
FN:17,(anonymous_0)
FN:25,(anonymous_1)
FN:37,(anonymous_2)
FN:52,(anonymous_3)
FN:69,(anonymous_4)
FN:83,(anonymous_5)
FNF:6
FNH:6
FNDA:1,(anonymous_0)
FNDA:6,(anonymous_1)
FNDA:1,(anonymous_2)
FNDA:2,(anonymous_3)
FNDA:1,(anonymous_4)
FNDA:3,(anonymous_5)
DA:1,1
DA:2,1
DA:10,1
DA:12,1
DA:26,6
DA:27,1
DA:30,6
DA:42,1
DA:56,2
DA:74,1
DA:84,3
DA:86,3
DA:87,1
DA:88,2
DA:89,0
DA:92,2
DA:94,0
DA:97,0
DA:100,2
LF:19
LH:16
BRDA:26,0,0,1
BRDA:40,1,0,1
BRDA:54,2,0,2
BRDA:72,3,0,1
BRDA:83,4,0,1
BRDA:86,5,0,1
BRDA:86,5,1,2
BRDA:86,6,0,3
BRDA:86,6,1,3
BRDA:88,7,0,0
BRDA:92,8,0,0
BRF:11
BRH:9
end_of_record
TN:
SF:TSinjex/src/index.ts
FNF:0
FNH:0
DA:2,0
DA:5,0
DA:6,0
DA:7,0
DA:10,0
DA:11,0
LF:6
LH:0
BRF:0
BRH:0
end_of_record
TN:
SF:TSinjex/src/__tests__/IDIContainer.spec.ts
FN:8,test_IDIContainer
FN:9,(anonymous_1)
FN:12,(anonymous_2)
FN:16,(anonymous_3)
FN:27,(anonymous_4)
FN:38,(anonymous_5)
FN:41,(anonymous_6)
FNF:7
FNH:7
FNDA:1,test_IDIContainer
FNDA:1,(anonymous_1)
FNDA:3,(anonymous_2)
FNDA:1,(anonymous_3)
FNDA:1,(anonymous_4)
FNDA:1,(anonymous_5)
FNDA:1,(anonymous_6)
DA:8,1
DA:9,1
DA:12,1
DA:13,3
DA:16,1
DA:17,1
DA:18,1
DA:20,1
DA:23,1
DA:24,1
DA:27,1
DA:28,1
DA:29,1
DA:31,1
DA:34,1
DA:35,1
DA:38,1
DA:39,1
DA:41,1
LF:19
LH:19
BRF:0
BRH:0
end_of_record
TN:
SF:TSinjex/src/decorators/Inject.ts
FN:31,Inject
FN:36,(anonymous_1)
FN:44,(anonymous_2)
FN:50,(anonymous_3)
FNF:4
FNH:0
FNDA:0,Inject
FNDA:0,(anonymous_1)
FNDA:0,(anonymous_2)
FNDA:0,(anonymous_3)
DA:1,0
DA:31,0
DA:36,0
DA:38,0
DA:40,0
DA:44,0
DA:45,0
DA:49,0
DA:52,0
DA:53,0
DA:54,0
DA:55,0
DA:57,0
DA:58,0
DA:62,0
DA:66,0
LF:16
LH:0
BRDA:34,0,0,0
BRDA:52,1,0,0
BRDA:53,2,0,0
BRDA:53,2,1,0
BRDA:57,3,0,0
BRF:5
BRH:0
end_of_record
TN:
SF:TSinjex/src/decorators/Register.ts
FN:18,Register
FN:21,(anonymous_1)
FNF:2
FNH:0
FNDA:0,Register
FNDA:0,(anonymous_1)
DA:1,0
DA:18,0
DA:21,0
DA:23,0
DA:26,0
LF:5
LH:0
BRF:0
BRH:0
end_of_record
TN:
SF:TSinjex/src/decorators/RegisterInstance.ts
FN:20,RegisterInstance
FN:29,(anonymous_1)
FN:37,(anonymous_2)
FN:50,(anonymous_3)
FNF:4
FNH:0
FNDA:0,RegisterInstance
FNDA:0,(anonymous_1)
FNDA:0,(anonymous_2)
FNDA:0,(anonymous_3)
DA:1,0
DA:20,0
DA:29,0
DA:31,0
DA:34,0
DA:40,0
DA:41,0
DA:43,0
DA:45,0
DA:48,0
DA:53,0
DA:54,0
DA:56,0
DA:58,0
DA:61,0
DA:68,0
LF:16
LH:0
BRDA:40,0,0,0
BRDA:40,0,1,0
BRDA:53,1,0,0
BRDA:53,1,1,0
BRF:4
BRH:0
end_of_record
TN:
SF:TSinjex/src/functions/register.ts
FN:29,register
FNF:1
FNH:0
FNDA:0,register
DA:1,0
DA:29,0
DA:34,0
LF:3
LH:0
BRF:0
BRH:0
end_of_record
TN:
SF:TSinjex/src/functions/resolve.ts
FN:28,resolve
FNF:1
FNH:0
FNDA:0,resolve
DA:2,0
DA:28,0
DA:32,0
LF:3
LH:0
BRF:0
BRH:0
end_of_record
TN:
SF:TSinjex/src/helper/ImplementsStatic.ts
FN:6,ImplementsStatic
FN:7,(anonymous_1)
FNF:2
FNH:2
FNDA:1,ImplementsStatic
FNDA:1,(anonymous_1)
DA:6,1
DA:7,1
LF:2
LH:2
BRF:0
BRH:0
end_of_record
TN:
SF:TSinjex/src/interfaces/Exceptions.ts
FN:11,(anonymous_0)
FN:26,(anonymous_1)
FNF:2
FNH:2
FNDA:1,(anonymous_0)
FNDA:1,(anonymous_1)
DA:6,1
DA:12,1
DA:13,1
DA:21,1
DA:27,1
DA:28,1
LF:6
LH:6
BRF:0
BRH:0
end_of_record
