TN:
SF:TSinjex/src/classes/TSinjex.ts
FN:39,(anonymous_0)
FN:47,(anonymous_1)
FN:60,(anonymous_2)
FN:76,(anonymous_3)
FN:93,(anonymous_4)
FN:107,(anonymous_5)
FNF:6
FNH:6
FNDA:22,(anonymous_0)
FNDA:45,(anonymous_1)
FNDA:2,(anonymous_2)
FNDA:4,(anonymous_3)
FNDA:17,(anonymous_4)
FNDA:24,(anonymous_5)
DA:6,3
DA:7,3
DA:25,3
DA:34,22
DA:48,45
DA:49,22
DA:52,45
DA:65,2
DA:80,4
DA:98,17
DA:108,24
DA:110,24
DA:111,2
DA:112,22
DA:113,1
DA:116,21
DA:117,1
DA:120,1
DA:123,21
LF:19
LH:19
BRDA:48,0,0,22
BRDA:63,1,0,1
BRDA:78,2,0,3
BRDA:96,3,0,16
BRDA:107,4,0,10
BRDA:110,5,0,2
BRDA:110,5,1,22
BRDA:110,6,0,24
BRDA:110,6,1,21
BRDA:112,7,0,1
BRDA:116,8,0,1
BRF:11
BRH:11
end_of_record
TN:
SF:TSinjex/src/decorators/Inject.ts
FN:43,Inject
FN:48,(anonymous_1)
FN:54,(anonymous_2)
FN:59,(anonymous_3)
FN:63,(anonymous_4)
FN:72,(anonymous_5)
FN:74,(anonymous_6)
FN:121,tryAndCatch
FN:144,hasConstructor
FNF:9
FNH:9
FNDA:10,Inject
FNDA:10,(anonymous_1)
FNDA:10,(anonymous_2)
FNDA:10,(anonymous_3)
FNDA:10,(anonymous_4)
FNDA:2,(anonymous_5)
FNDA:1,(anonymous_6)
FNDA:13,tryAndCatch
FNDA:3,hasConstructor
DA:1,1
DA:7,1
DA:43,1
DA:48,10
DA:54,10
DA:55,10
DA:58,10
DA:62,10
DA:63,10
DA:69,9
DA:71,7
DA:72,2
DA:74,1
DA:77,7
DA:78,5
DA:79,3
DA:85,2
DA:86,1
DA:87,2
DA:88,1
DA:94,6
DA:101,6
DA:127,13
DA:128,13
DA:130,2
DA:131,2
DA:135,0
DA:145,3
DA:147,3
LF:29
LH:28
BRDA:46,0,0,7
BRDA:69,1,0,7
BRDA:69,1,1,2
BRDA:71,2,0,2
BRDA:71,2,1,5
BRDA:71,3,0,7
BRDA:71,3,1,2
BRDA:73,4,0,1
BRDA:73,4,1,4
BRDA:73,5,0,5
BRDA:73,5,1,3
BRDA:77,6,0,2
BRDA:77,6,1,5
BRDA:78,7,0,3
BRDA:78,7,1,2
BRDA:85,8,0,1
BRDA:87,9,0,1
BRDA:130,10,0,2
BRDA:130,10,1,0
BRDA:131,11,0,2
BRDA:131,11,1,0
BRDA:132,12,0,2
BRDA:132,12,1,0
BRDA:132,13,0,2
BRDA:132,13,1,2
BRDA:148,14,0,3
BRDA:148,14,1,1
BRDA:148,15,0,0
BRDA:148,15,1,3
BRDA:148,16,0,3
BRDA:148,16,1,3
BRF:31
BRH:27
end_of_record
TN:
SF:TSinjex/src/decorators/Register.ts
FN:20,Register
FN:23,(anonymous_1)
FNF:2
FNH:2
FNDA:1,Register
FNDA:1,(anonymous_1)
DA:1,1
DA:20,1
DA:23,1
DA:25,1
DA:28,1
LF:5
LH:5
BRF:0
BRH:0
end_of_record
TN:
SF:TSinjex/src/decorators/RegisterInstance.ts
FN:22,RegisterInstance
FN:31,(anonymous_1)
FN:40,(anonymous_2)
FN:53,(anonymous_3)
FNF:4
FNH:4
FNDA:4,RegisterInstance
FNDA:4,(anonymous_1)
FNDA:4,(anonymous_2)
FNDA:2,(anonymous_3)
DA:1,1
DA:22,1
DA:31,4
DA:33,4
DA:37,4
DA:41,4
DA:42,2
DA:43,1
DA:45,1
DA:48,4
DA:51,4
DA:54,2
DA:55,2
DA:56,1
DA:58,1
DA:61,2
DA:64,2
DA:71,4
LF:18
LH:18
BRDA:41,0,0,2
BRDA:42,1,0,1
BRDA:42,1,1,1
BRDA:54,2,0,2
BRDA:55,3,0,1
BRDA:55,3,1,1
BRF:6
BRH:6
end_of_record
TN:
SF:TSinjex/src/functions/register.ts
FN:33,register
FNF:1
FNH:1
FNDA:1,register
DA:1,1
DA:33,1
DA:38,1
LF:3
LH:3
BRF:0
BRH:0
end_of_record
TN:
SF:TSinjex/src/functions/resolve.ts
FN:35,resolve
FNF:1
FNH:1
FNDA:1,resolve
DA:1,1
DA:35,1
DA:39,1
LF:3
LH:3
BRF:0
BRH:0
end_of_record
TN:
SF:TSinjex/src/interfaces/Exceptions.ts
FN:12,(anonymous_0)
FN:27,(anonymous_1)
FN:43,(anonymous_2)
FN:60,(anonymous_3)
FN:78,(anonymous_4)
FNF:5
FNH:4
FNDA:6,(anonymous_0)
FNDA:4,(anonymous_1)
FNDA:0,(anonymous_2)
FNDA:1,(anonymous_3)
FNDA:1,(anonymous_4)
DA:7,3
DA:13,6
DA:14,6
DA:22,3
DA:28,4
DA:29,4
DA:37,3
DA:44,0
DA:47,0
DA:55,3
DA:61,1
DA:64,1
DA:72,3
DA:79,1
DA:82,1
LF:15
LH:13
BRF:0
BRH:0
end_of_record
